Using pre-set license
Built from '2020.3/release' branch; Version is '2020.3.31f1 (6b54b7616050) revision 7034039'; Using compiler version '192528614'; Build Type 'Release'
OS: 'Windows 11  (10.0.22000) 64bit CoreSingleLanguage' Language: 'en' Physical Memory: 7971 MB
BatchMode: 1, IsHumanControllingUs: 0, StartBugReporterOnCrash: 0, Is64bit: 1, IsPro: 0

COMMAND LINE ARGUMENTS:
D:\2020.3.31f1\Editor\Unity.exe
-adb2
-batchMode
-noUpm
-name
AssetImportWorker0
-projectPath
D:/unity 2d study case/Tomkai's journey
-logFile
Logs/AssetImportWorker0.log
-srvPort
62993
Successfully changed project path to: D:/unity 2d study case/Tomkai's journey
D:/unity 2d study case/Tomkai's journey
Using Asset Import Pipeline V2.
Refreshing native plugins compatible for Editor in 37.74 ms, found 3 plugins.
Preloading 0 native plugins for Editor in 0.00 ms.
Initialize engine version: 2020.3.31f1 (6b54b7616050)
[Subsystems] Discovering subsystems at path D:/2020.3.31f1/Editor/Data/Resources/UnitySubsystems
[Subsystems] Discovering subsystems at path D:/unity 2d study case/Tomkai's journey/Assets
GfxDevice: creating device client; threaded=0
Direct3D:
    Version:  Direct3D 11.0 [level 11.1]
    Renderer: Intel(R) Iris(R) Xe Graphics (ID=0x9a49)
    Vendor:   
    VRAM:     3985 MB
    Driver:   30.0.101.1191
Initialize mono
Mono path[0] = 'D:/2020.3.31f1/Editor/Data/Managed'
Mono path[1] = 'D:/2020.3.31f1/Editor/Data/MonoBleedingEdge/lib/mono/unityjit'
Mono config path = 'D:/2020.3.31f1/Editor/Data/MonoBleedingEdge/etc'
Using monoOptions --debugger-agent=transport=dt_socket,embedding=1,server=y,suspend=n,address=127.0.0.1:56500
Begin MonoManager ReloadAssembly
Registering precompiled unity dll's ...
Register platform support module: D:/2020.3.31f1/Editor/Data/PlaybackEngines/WindowsStandaloneSupport/UnityEditor.WindowsStandalone.Extensions.dll
Registered in 0.000686 seconds.
Native extension for WindowsStandalone target not found
Refreshing native plugins compatible for Editor in 39.00 ms, found 3 plugins.
Preloading 0 native plugins for Editor in 0.00 ms.
Mono: successfully reloaded assembly
- Completed reload, in  0.480 seconds
Domain Reload Profiling:
	ReloadAssembly (480ms)
		BeginReloadAssembly (56ms)
			ExecutionOrderSort (0ms)
			DisableScriptedObjects (0ms)
			BackupInstance (0ms)
			ReleaseScriptingObjects (0ms)
			CreateAndSetChildDomain (1ms)
		EndReloadAssembly (362ms)
			LoadAssemblies (56ms)
			RebuildTransferFunctionScriptingTraits (0ms)
			SetupTypeCache (124ms)
			ReleaseScriptCaches (0ms)
			RebuildScriptCaches (22ms)
			SetupLoadedEditorAssemblies (140ms)
				LogAssemblyErrors (0ms)
				InitializePlatformSupportModulesInManaged (3ms)
				SetLoadedEditorAssemblies (0ms)
				RefreshPlugins (39ms)
				BeforeProcessingInitializeOnLoad (10ms)
				ProcessInitializeOnLoadAttributes (65ms)
				ProcessInitializeOnLoadMethodAttributes (22ms)
				AfterProcessingInitializeOnLoad (0ms)
				EditorAssembliesLoaded (0ms)
			ExecutionOrderSort2 (0ms)
			AwakeInstancesAfterBackupRestoration (0ms)
Platform modules already initialized, skipping
Registering precompiled user dll's ...
Registered in 0.001903 seconds.
Begin MonoManager ReloadAssembly
Symbol file LoadedFromMemory doesn't match image D:\unity 2d study case\Tomkai's journey\Library\PackageCache\com.unity.collab-proxy@1.15.15\Lib\Editor\PlasticSCM\unityplastic.dll
Native extension for WindowsStandalone target not found
Refreshing native plugins compatible for Editor in 37.78 ms, found 3 plugins.
Preloading 0 native plugins for Editor in 0.00 ms.
Mono: successfully reloaded assembly
- Completed reload, in  0.963 seconds
Domain Reload Profiling:
	ReloadAssembly (964ms)
		BeginReloadAssembly (126ms)
			ExecutionOrderSort (0ms)
			DisableScriptedObjects (4ms)
			BackupInstance (0ms)
			ReleaseScriptingObjects (0ms)
			CreateAndSetChildDomain (20ms)
		EndReloadAssembly (790ms)
			LoadAssemblies (86ms)
			RebuildTransferFunctionScriptingTraits (0ms)
			SetupTypeCache (254ms)
			ReleaseScriptCaches (0ms)
			RebuildScriptCaches (36ms)
			SetupLoadedEditorAssemblies (343ms)
				LogAssemblyErrors (0ms)
				InitializePlatformSupportModulesInManaged (3ms)
				SetLoadedEditorAssemblies (0ms)
				RefreshPlugins (38ms)
				BeforeProcessingInitializeOnLoad (55ms)
				ProcessInitializeOnLoadAttributes (229ms)
				ProcessInitializeOnLoadMethodAttributes (17ms)
				AfterProcessingInitializeOnLoad (2ms)
				EditorAssembliesLoaded (0ms)
			ExecutionOrderSort2 (0ms)
			AwakeInstancesAfterBackupRestoration (5ms)
Platform modules already initialized, skipping
========================================================================
Worker process is ready to serve import requests
Launched and connected shader compiler UnityShaderCompiler.exe after 0.05 seconds
Refreshing native plugins compatible for Editor in 0.54 ms, found 3 plugins.
Preloading 0 native plugins for Editor in 0.00 ms.
Unloading 2202 Unused Serialized files (Serialized files now loaded: 0)
System memory in use before: 97.1 MB.
System memory in use after: 97.0 MB.

Unloading 31 unused Assets to reduce memory usage. Loaded Objects now: 2634.
Total: 2.668700 ms (FindLiveObjects: 0.133300 ms CreateObjectMapping: 0.035000 ms MarkObjects: 2.351600 ms  DeleteObjects: 0.147500 ms)

AssetImportParameters requested are different than current active one (requested -> active):
  custom:framework-win-MediaFoundation: 216162199b28c13a410421893ffa2e32 -> 
  custom:video-decoder-ogg-theora: a1e56fd34408186e4bbccfd4996cb3dc -> 
  custom:container-muxer-webm: aa71ff27fc2769a1b78a27578f13a17b -> 
  custom:container-demuxer-webm: 4f35f7cbe854078d1ac9338744f61a02 -> 
  custom:container-demuxer-ogg: 62fdf1f143b41e24485cea50d1cbac27 -> 
  custom:video-encoder-webm-vp8: eb34c28f22e8b96e1ab97ce403110664 -> 
  custom:video-decoder-webm-vp8: 9c59270c3fd7afecdb556c50c9e8de78 -> 
  custom:audio-decoder-ogg-vorbis: bf7c407c2cedff20999df2af8eb42d56 -> 
  custom:audio-encoder-webm-vorbis: bf7c407c2cedff20999df2af8eb42d56 -> 
========================================================================
Received Import Request.
  path: Assets/Sunnyland/artwork/Environment/tileset-sliced.png
  artifactKey: Guid(261212b977f594d5dbc48631a5c1295c) Importer(815301076,1909f56bfc062723c751e8b465ee728b)
Start importing Assets/Sunnyland/artwork/Environment/tileset-sliced.png using Guid(261212b977f594d5dbc48631a5c1295c) Importer(815301076,1909f56bfc062723c751e8b465ee728b)  -> (artifact id: 'e8965008703bae27f70ba32dd5e47e93') in 0.404932 seconds 
========================================================================
Received Import Request.
  Time since last request: 0.309115 seconds.
  path: Assets/Sunnyland/artwork/Environment/tileset-sliced.png
  artifactKey: Guid(261212b977f594d5dbc48631a5c1295c) Importer(815301076,1909f56bfc062723c751e8b465ee728b)
Start importing Assets/Sunnyland/artwork/Environment/tileset-sliced.png using Guid(261212b977f594d5dbc48631a5c1295c) Importer(815301076,1909f56bfc062723c751e8b465ee728b)  -> (artifact id: 'b62849c8dd0d286f804e3359e39787e0') in 0.301184 seconds 
========================================================================
Received Import Request.
  Time since last request: 43.693116 seconds.
  path: Assets/Sunnyland/artwork/Environment/tileset-sliced.png
  artifactKey: Guid(261212b977f594d5dbc48631a5c1295c) Importer(815301076,1909f56bfc062723c751e8b465ee728b)
Start importing Assets/Sunnyland/artwork/Environment/tileset-sliced.png using Guid(261212b977f594d5dbc48631a5c1295c) Importer(815301076,1909f56bfc062723c751e8b465ee728b)  -> (artifact id: '2ea04e67b33a7d9964346ecfdfa5b0fe') in 0.452216 seconds 
========================================================================
Received Import Request.
  Time since last request: 109.946517 seconds.
  path: ProjectSettings/TagManager.asset
  artifactKey: Guid(00000000000000003000000000000000) Importer(815301076,1909f56bfc062723c751e8b465ee728b)
Start importing ProjectSettings/TagManager.asset using Guid(00000000000000003000000000000000) Importer(815301076,1909f56bfc062723c751e8b465ee728b)  -> (artifact id: '95df672b4aaba54310d34c83eef51bb8') in 0.037074 seconds 
========================================================================
Received Prepare
Registering precompiled user dll's ...
Registered in 0.064449 seconds.
Begin MonoManager ReloadAssembly
Symbol file LoadedFromMemory doesn't match image D:\unity 2d study case\Tomkai's journey\Library\PackageCache\com.unity.collab-proxy@1.15.15\Lib\Editor\PlasticSCM\unityplastic.dll
Native extension for WindowsStandalone target not found
Refreshing native plugins compatible for Editor in 2.85 ms, found 3 plugins.
Preloading 0 native plugins for Editor in 0.00 ms.
Mono: successfully reloaded assembly
- Completed reload, in  3.414 seconds
Domain Reload Profiling:
	ReloadAssembly (3415ms)
		BeginReloadAssembly (532ms)
			ExecutionOrderSort (0ms)
			DisableScriptedObjects (15ms)
			BackupInstance (0ms)
			ReleaseScriptingObjects (0ms)
			CreateAndSetChildDomain (160ms)
		EndReloadAssembly (2783ms)
			LoadAssemblies (371ms)
			RebuildTransferFunctionScriptingTraits (0ms)
			SetupTypeCache (991ms)
			ReleaseScriptCaches (3ms)
			RebuildScriptCaches (158ms)
			SetupLoadedEditorAssemblies (1196ms)
				LogAssemblyErrors (0ms)
				InitializePlatformSupportModulesInManaged (11ms)
				SetLoadedEditorAssemblies (2ms)
				RefreshPlugins (3ms)
				BeforeProcessingInitializeOnLoad (172ms)
				ProcessInitializeOnLoadAttributes (946ms)
				ProcessInitializeOnLoadMethodAttributes (58ms)
				AfterProcessingInitializeOnLoad (4ms)
				EditorAssembliesLoaded (1ms)
			ExecutionOrderSort2 (0ms)
			AwakeInstancesAfterBackupRestoration (29ms)
Platform modules already initialized, skipping
Refreshing native plugins compatible for Editor in 0.50 ms, found 3 plugins.
Preloading 0 native plugins for Editor in 0.00 ms.
Unloading 2197 Unused Serialized files (Serialized files now loaded: 0)
System memory in use before: 100.1 MB.
System memory in use after: 100.0 MB.

Unloading 21 unused Assets to reduce memory usage. Loaded Objects now: 2644.
Total: 4.677800 ms (FindLiveObjects: 0.354500 ms CreateObjectMapping: 0.069600 ms MarkObjects: 4.094000 ms  DeleteObjects: 0.156600 ms)

AssetImportParameters requested are different than current active one (requested -> active):
  custom:framework-win-MediaFoundation: 216162199b28c13a410421893ffa2e32 -> 
  custom:video-decoder-ogg-theora: a1e56fd34408186e4bbccfd4996cb3dc -> 
  custom:container-muxer-webm: aa71ff27fc2769a1b78a27578f13a17b -> 
  custom:container-demuxer-webm: 4f35f7cbe854078d1ac9338744f61a02 -> 
  custom:container-demuxer-ogg: 62fdf1f143b41e24485cea50d1cbac27 -> 
  custom:video-encoder-webm-vp8: eb34c28f22e8b96e1ab97ce403110664 -> 
  custom:video-decoder-webm-vp8: 9c59270c3fd7afecdb556c50c9e8de78 -> 
  custom:audio-decoder-ogg-vorbis: bf7c407c2cedff20999df2af8eb42d56 -> 
  custom:audio-encoder-webm-vorbis: bf7c407c2cedff20999df2af8eb42d56 -> 
========================================================================
Received Import Request.
  Time since last request: 627.598899 seconds.
  path: Assets/Sunnyland/artwork/Environment/props
  artifactKey: Guid(15e7312e0607f4e84aeacdc44a70744c) Importer(815301076,1909f56bfc062723c751e8b465ee728b)
Start importing Assets/Sunnyland/artwork/Environment/props using Guid(15e7312e0607f4e84aeacdc44a70744c) Importer(815301076,1909f56bfc062723c751e8b465ee728b)  -> (artifact id: '1ef14071724558cefaa6476b5eb4eae9') in 0.028332 seconds 
========================================================================
Received Import Request.
  Time since last request: 90.796459 seconds.
  path: Assets/Sunnyland/artwork/Sprites/player/climb/player-climb-1.png
  artifactKey: Guid(be30195fa34cc45258a6ab7011cb297b) Importer(815301076,1909f56bfc062723c751e8b465ee728b)
Start importing Assets/Sunnyland/artwork/Sprites/player/climb/player-climb-1.png using Guid(be30195fa34cc45258a6ab7011cb297b) Importer(815301076,1909f56bfc062723c751e8b465ee728b)  -> (artifact id: 'e32e974eda1649e94eb26f5c0a6fc934') in 0.067146 seconds 
========================================================================
Received Import Request.
  Time since last request: 0.000227 seconds.
  path: Assets/Sunnyland/artwork/Sprites/player/climb/player-climb-3.png
  artifactKey: Guid(eb5b673fa31e44bc9b15d686c24009da) Importer(815301076,1909f56bfc062723c751e8b465ee728b)
Start importing Assets/Sunnyland/artwork/Sprites/player/climb/player-climb-3.png using Guid(eb5b673fa31e44bc9b15d686c24009da) Importer(815301076,1909f56bfc062723c751e8b465ee728b)  -> (artifact id: '4abc248eb496348a3509ea9da885c625') in 0.048134 seconds 
========================================================================
Received Import Request.
  Time since last request: 0.000388 seconds.
  path: Assets/Sunnyland/artwork/Sprites/player/climb/player-climb-2.png
  artifactKey: Guid(94cffd9e5ecd3497c9831ffe8ae1605c) Importer(815301076,1909f56bfc062723c751e8b465ee728b)
Start importing Assets/Sunnyland/artwork/Sprites/player/climb/player-climb-2.png using Guid(94cffd9e5ecd3497c9831ffe8ae1605c) Importer(815301076,1909f56bfc062723c751e8b465ee728b)  -> (artifact id: 'f67d94711f2b15d44c07629ee3db45e5') in 0.057797 seconds 
========================================================================
Received Import Request.
  Time since last request: 1.023258 seconds.
  path: Assets/Sunnyland/artwork/Sprites/player/crouch/player-crouch-1.png
  artifactKey: Guid(9878b6f1290ef41e88b30f08f68537fd) Importer(815301076,1909f56bfc062723c751e8b465ee728b)
Start importing Assets/Sunnyland/artwork/Sprites/player/crouch/player-crouch-1.png using Guid(9878b6f1290ef41e88b30f08f68537fd) Importer(815301076,1909f56bfc062723c751e8b465ee728b)  -> (artifact id: '30d0a11ff947f85427050e775cebcfcd') in 0.017963 seconds 
========================================================================
Received Import Request.
  Time since last request: 0.001736 seconds.
  path: Assets/Sunnyland/artwork/Sprites/player/crouch/player-crouch-2.png
  artifactKey: Guid(448d57c5e4c694686badaba281a6adff) Importer(815301076,1909f56bfc062723c751e8b465ee728b)
Start importing Assets/Sunnyland/artwork/Sprites/player/crouch/player-crouch-2.png using Guid(448d57c5e4c694686badaba281a6adff) Importer(815301076,1909f56bfc062723c751e8b465ee728b)  -> (artifact id: 'bf7134d558e1c22962f4d37a46f8f9aa') in 0.028614 seconds 
========================================================================
Received Import Request.
  Time since last request: 0.336854 seconds.
  path: Assets/Sunnyland/artwork/Sprites/player/jump/player-jump-1.png
  artifactKey: Guid(e2976d09b53264ffbbb9210a1ae1dcc0) Importer(815301076,1909f56bfc062723c751e8b465ee728b)
Start importing Assets/Sunnyland/artwork/Sprites/player/jump/player-jump-1.png using Guid(e2976d09b53264ffbbb9210a1ae1dcc0) Importer(815301076,1909f56bfc062723c751e8b465ee728b)  -> (artifact id: 'a229908e5335a5fadad9561c8da7bb99') in 0.020297 seconds 
========================================================================
Received Import Request.
  Time since last request: 0.000820 seconds.
  path: Assets/Sunnyland/artwork/Sprites/player/jump/player-jump-2.png
  artifactKey: Guid(598fb1767626f42e992bb9c2769d86ea) Importer(815301076,1909f56bfc062723c751e8b465ee728b)
Start importing Assets/Sunnyland/artwork/Sprites/player/jump/player-jump-2.png using Guid(598fb1767626f42e992bb9c2769d86ea) Importer(815301076,1909f56bfc062723c751e8b465ee728b)  -> (artifact id: '38b539280631f807029aecf5d047f4b8') in 0.026326 seconds 
========================================================================
Received Import Request.
  Time since last request: 0.399604 seconds.
  path: Assets/Sunnyland/artwork/Sprites/player/run/player-run-1.png
  artifactKey: Guid(8afd73b29f8e34c70b0db80184b8cc7f) Importer(815301076,1909f56bfc062723c751e8b465ee728b)
Start importing Assets/Sunnyland/artwork/Sprites/player/run/player-run-1.png using Guid(8afd73b29f8e34c70b0db80184b8cc7f) Importer(815301076,1909f56bfc062723c751e8b465ee728b)  -> (artifact id: 'b112a96e55f8c475ea5386449272e978') in 0.020210 seconds 
========================================================================
Received Import Request.
  Time since last request: 0.000214 seconds.
  path: Assets/Sunnyland/artwork/Sprites/player/run/player-run-3.png
  artifactKey: Guid(3f59d4fdf4fe04ab79f11dadde82fe8c) Importer(815301076,1909f56bfc062723c751e8b465ee728b)
Start importing Assets/Sunnyland/artwork/Sprites/player/run/player-run-3.png using Guid(3f59d4fdf4fe04ab79f11dadde82fe8c) Importer(815301076,1909f56bfc062723c751e8b465ee728b)  -> (artifact id: '78a38f5e68ae2026313c57d675198998') in 0.029356 seconds 
========================================================================
Received Import Request.
  Time since last request: 0.001394 seconds.
  path: Assets/Sunnyland/artwork/Sprites/player/run/player-run-5.png
  artifactKey: Guid(f58cc0961cc9146ca9780a0cb1327e5d) Importer(815301076,1909f56bfc062723c751e8b465ee728b)
Start importing Assets/Sunnyland/artwork/Sprites/player/run/player-run-5.png using Guid(f58cc0961cc9146ca9780a0cb1327e5d) Importer(815301076,1909f56bfc062723c751e8b465ee728b)  -> (artifact id: '3c559d409e881f2b8fe9eb711b18f7b2') in 0.033904 seconds 
========================================================================
Received Import Request.
  Time since last request: 0.000592 seconds.
  path: Assets/Sunnyland/artwork/Sprites/player/run/player-run-4.png
  artifactKey: Guid(bc3fcf1d561104bea933686de6bade4b) Importer(815301076,1909f56bfc062723c751e8b465ee728b)
Start importing Assets/Sunnyland/artwork/Sprites/player/run/player-run-4.png using Guid(bc3fcf1d561104bea933686de6bade4b) Importer(815301076,1909f56bfc062723c751e8b465ee728b)  -> (artifact id: '2d07a9604f89c717e38cf6d96aeaf2b9') in 0.039720 seconds 
========================================================================
Received Import Request.
  Time since last request: 0.000259 seconds.
  path: Assets/Sunnyland/artwork/Sprites/player/run/player-run-2.png
  artifactKey: Guid(d094cf6ac3d8a4d0bbbef5d6d6ad3eed) Importer(815301076,1909f56bfc062723c751e8b465ee728b)
Start importing Assets/Sunnyland/artwork/Sprites/player/run/player-run-2.png using Guid(d094cf6ac3d8a4d0bbbef5d6d6ad3eed) Importer(815301076,1909f56bfc062723c751e8b465ee728b)  -> (artifact id: 'a7658624e9c699c868b0e3ff4d2da93b') in 0.032266 seconds 
========================================================================
Received Import Request.
  Time since last request: 0.000458 seconds.
  path: Assets/Sunnyland/artwork/Sprites/player/run/player-run-6.png
  artifactKey: Guid(af314424f59d946469a97f398e8de53f) Importer(815301076,1909f56bfc062723c751e8b465ee728b)
Start importing Assets/Sunnyland/artwork/Sprites/player/run/player-run-6.png using Guid(af314424f59d946469a97f398e8de53f) Importer(815301076,1909f56bfc062723c751e8b465ee728b)  -> (artifact id: '32511d10a61d62c45dbd6a96a9c257f7') in 0.040664 seconds 
========================================================================
Received Import Request.
  Time since last request: 3.315587 seconds.
  path: Assets/Sunnyland/artwork/Sprites/player/hurt/player-hurt-1.png
  artifactKey: Guid(c123c318507c6405a869f2f89068cf06) Importer(815301076,1909f56bfc062723c751e8b465ee728b)
Start importing Assets/Sunnyland/artwork/Sprites/player/hurt/player-hurt-1.png using Guid(c123c318507c6405a869f2f89068cf06) Importer(815301076,1909f56bfc062723c751e8b465ee728b)  -> (artifact id: 'd613483b8795501dee2de259ce59337d') in 0.018016 seconds 
========================================================================
Received Import Request.
  Time since last request: 0.000375 seconds.
  path: Assets/Sunnyland/artwork/Sprites/player/hurt/player-hurt-2.png
  artifactKey: Guid(a85f3724632254a6cb24066dc54cbf60) Importer(815301076,1909f56bfc062723c751e8b465ee728b)
Start importing Assets/Sunnyland/artwork/Sprites/player/hurt/player-hurt-2.png using Guid(a85f3724632254a6cb24066dc54cbf60) Importer(815301076,1909f56bfc062723c751e8b465ee728b)  -> (artifact id: '45c86c0dd758b32be42aeba7a8c54ca6') in 0.036788 seconds 
========================================================================
Received Import Request.
  Time since last request: 1.765984 seconds.
  path: Assets/Sunnyland/artwork/Sprites/player/idle/player-idle-1.png
  artifactKey: Guid(72de0c64f2c6a498096698322c976a67) Importer(815301076,1909f56bfc062723c751e8b465ee728b)
Start importing Assets/Sunnyland/artwork/Sprites/player/idle/player-idle-1.png using Guid(72de0c64f2c6a498096698322c976a67) Importer(815301076,1909f56bfc062723c751e8b465ee728b)  -> (artifact id: '87449736d1eeb6fc4a3485503d042d6d') in 0.023351 seconds 
========================================================================
Received Import Request.
  Time since last request: 0.000202 seconds.
  path: Assets/Sunnyland/artwork/Sprites/player/idle/player-idle-4.png
  artifactKey: Guid(8bc3c2c2a565342aab778fd8e874313a) Importer(815301076,1909f56bfc062723c751e8b465ee728b)
Start importing Assets/Sunnyland/artwork/Sprites/player/idle/player-idle-4.png using Guid(8bc3c2c2a565342aab778fd8e874313a) Importer(815301076,1909f56bfc062723c751e8b465ee728b)  -> (artifact id: 'e592e0674d2b8a20b9190ad5f522ad52') in 0.033015 seconds 
========================================================================
Received Import Request.
  Time since last request: 0.000584 seconds.
  path: Assets/Sunnyland/artwork/Sprites/player/idle/player-idle-3.png
  artifactKey: Guid(077f0469c420a4365bc67943783293df) Importer(815301076,1909f56bfc062723c751e8b465ee728b)
Start importing Assets/Sunnyland/artwork/Sprites/player/idle/player-idle-3.png using Guid(077f0469c420a4365bc67943783293df) Importer(815301076,1909f56bfc062723c751e8b465ee728b)  -> (artifact id: '9376aab1c8423ac234c186d30d1a1c49') in 0.048392 seconds 
========================================================================
Received Import Request.
  Time since last request: 0.001624 seconds.
  path: Assets/Sunnyland/artwork/Sprites/player/idle/player-idle-2.png
  artifactKey: Guid(c8a742c1f2ebb43b9afe34a47304c051) Importer(815301076,1909f56bfc062723c751e8b465ee728b)
Start importing Assets/Sunnyland/artwork/Sprites/player/idle/player-idle-2.png using Guid(c8a742c1f2ebb43b9afe34a47304c051) Importer(815301076,1909f56bfc062723c751e8b465ee728b)  -> (artifact id: 'b5ea35d6f4322c577dc9cddf0ce8b6fd') in 0.038367 seconds 
========================================================================
Received Import Request.
  Time since last request: 22.598461 seconds.
  path: Assets/Sunnyland/artwork/Sprites/Fx/enemy-death/enemy-death-1.png
  artifactKey: Guid(815f73f3585044a32811d21502d58770) Importer(815301076,1909f56bfc062723c751e8b465ee728b)
Start importing Assets/Sunnyland/artwork/Sprites/Fx/enemy-death/enemy-death-1.png using Guid(815f73f3585044a32811d21502d58770) Importer(815301076,1909f56bfc062723c751e8b465ee728b)  -> (artifact id: 'dc1901b7e5c1d7e2e733adf76f4d0c82') in 0.031074 seconds 
========================================================================
Received Import Request.
  Time since last request: 0.000311 seconds.
  path: Assets/Sunnyland/artwork/Sprites/Fx/enemy-death/enemy-death-5.png
  artifactKey: Guid(635cdc790083c4be9a6a4feb8d976afc) Importer(815301076,1909f56bfc062723c751e8b465ee728b)
Start importing Assets/Sunnyland/artwork/Sprites/Fx/enemy-death/enemy-death-5.png using Guid(635cdc790083c4be9a6a4feb8d976afc) Importer(815301076,1909f56bfc062723c751e8b465ee728b)  -> (artifact id: '1906c034e85871686bebac4e95fe7f0d') in 0.051726 seconds 
========================================================================
Received Import Request.
  Time since last request: 0.000772 seconds.
  path: Assets/Sunnyland/artwork/Sprites/Fx/enemy-death/enemy-death-6.png
  artifactKey: Guid(f2065fb3797f1427aa8b3fc04af35e35) Importer(815301076,1909f56bfc062723c751e8b465ee728b)
Start importing Assets/Sunnyland/artwork/Sprites/Fx/enemy-death/enemy-death-6.png using Guid(f2065fb3797f1427aa8b3fc04af35e35) Importer(815301076,1909f56bfc062723c751e8b465ee728b)  -> (artifact id: '19998cf8b2b7bf05c2e2156641b0bd5c') in 0.096276 seconds 
========================================================================
Received Import Request.
  Time since last request: 0.000344 seconds.
  path: Assets/Sunnyland/artwork/Sprites/Fx/enemy-death/enemy-death-4.png
  artifactKey: Guid(662dde2f5e71c4d47aadb2a90334c7c8) Importer(815301076,1909f56bfc062723c751e8b465ee728b)
Start importing Assets/Sunnyland/artwork/Sprites/Fx/enemy-death/enemy-death-4.png using Guid(662dde2f5e71c4d47aadb2a90334c7c8) Importer(815301076,1909f56bfc062723c751e8b465ee728b)  -> (artifact id: 'a0c81d4ca87365f1744b7faad047b58f') in 0.084082 seconds 
========================================================================
Received Import Request.
  Time since last request: 0.000547 seconds.
  path: Assets/Sunnyland/artwork/Sprites/Fx/enemy-death/enemy-death-2.png
  artifactKey: Guid(1c8013ef5a0c147a5a059fde439f12b6) Importer(815301076,1909f56bfc062723c751e8b465ee728b)
Start importing Assets/Sunnyland/artwork/Sprites/Fx/enemy-death/enemy-death-2.png using Guid(1c8013ef5a0c147a5a059fde439f12b6) Importer(815301076,1909f56bfc062723c751e8b465ee728b)  -> (artifact id: 'd289ae0c67f2c485a2ea6b9a9922fba2') in 0.091882 seconds 
========================================================================
Received Import Request.
  Time since last request: 0.000366 seconds.
  path: Assets/Sunnyland/artwork/Sprites/Fx/enemy-death/enemy-death-3.png
  artifactKey: Guid(eec3312b68dc24bacb68c6f19907ddcd) Importer(815301076,1909f56bfc062723c751e8b465ee728b)
Start importing Assets/Sunnyland/artwork/Sprites/Fx/enemy-death/enemy-death-3.png using Guid(eec3312b68dc24bacb68c6f19907ddcd) Importer(815301076,1909f56bfc062723c751e8b465ee728b)  -> (artifact id: '302215c664ca84af24b6dd9e5f3e93e1') in 0.077878 seconds 
========================================================================
Received Import Request.
  Time since last request: 36.618360 seconds.
  path: ProjectSettings/TagManager.asset
  artifactKey: Guid(00000000000000003000000000000000) Importer(815301076,1909f56bfc062723c751e8b465ee728b)
Start importing ProjectSettings/TagManager.asset using Guid(00000000000000003000000000000000) Importer(815301076,1909f56bfc062723c751e8b465ee728b)  -> (artifact id: '7642e041f92f425cacb94b2891b656a9') in 0.015467 seconds 
========================================================================
Received Prepare
Registering precompiled user dll's ...
Registered in 0.003380 seconds.
Begin MonoManager ReloadAssembly
Symbol file LoadedFromMemory doesn't match image D:\unity 2d study case\Tomkai's journey\Library\PackageCache\com.unity.collab-proxy@1.15.15\Lib\Editor\PlasticSCM\unityplastic.dll
Native extension for WindowsStandalone target not found
Refreshing native plugins compatible for Editor in 0.47 ms, found 3 plugins.
Preloading 0 native plugins for Editor in 0.00 ms.
Mono: successfully reloaded assembly
- Completed reload, in  0.805 seconds
Domain Reload Profiling:
	ReloadAssembly (805ms)
		BeginReloadAssembly (104ms)
			ExecutionOrderSort (0ms)
			DisableScriptedObjects (5ms)
			BackupInstance (0ms)
			ReleaseScriptingObjects (0ms)
			CreateAndSetChildDomain (31ms)
		EndReloadAssembly (655ms)
			LoadAssemblies (97ms)
			RebuildTransferFunctionScriptingTraits (0ms)
			SetupTypeCache (226ms)
			ReleaseScriptCaches (2ms)
			RebuildScriptCaches (36ms)
			SetupLoadedEditorAssemblies (235ms)
				LogAssemblyErrors (0ms)
				InitializePlatformSupportModulesInManaged (3ms)
				SetLoadedEditorAssemblies (0ms)
				RefreshPlugins (1ms)
				BeforeProcessingInitializeOnLoad (68ms)
				ProcessInitializeOnLoadAttributes (151ms)
				ProcessInitializeOnLoadMethodAttributes (10ms)
				AfterProcessingInitializeOnLoad (1ms)
				EditorAssembliesLoaded (0ms)
			ExecutionOrderSort2 (0ms)
			AwakeInstancesAfterBackupRestoration (7ms)
Platform modules already initialized, skipping
Refreshing native plugins compatible for Editor in 0.99 ms, found 3 plugins.
Preloading 0 native plugins for Editor in 0.00 ms.
Unloading 2197 Unused Serialized files (Serialized files now loaded: 0)
System memory in use before: 100.1 MB.
System memory in use after: 100.1 MB.

Unloading 21 unused Assets to reduce memory usage. Loaded Objects now: 2652.
Total: 3.269300 ms (FindLiveObjects: 0.220800 ms CreateObjectMapping: 0.048700 ms MarkObjects: 2.877600 ms  DeleteObjects: 0.121000 ms)

AssetImportParameters requested are different than current active one (requested -> active):
  custom:framework-win-MediaFoundation: 216162199b28c13a410421893ffa2e32 -> 
  custom:video-decoder-ogg-theora: a1e56fd34408186e4bbccfd4996cb3dc -> 
  custom:container-muxer-webm: aa71ff27fc2769a1b78a27578f13a17b -> 
  custom:container-demuxer-webm: 4f35f7cbe854078d1ac9338744f61a02 -> 
  custom:container-demuxer-ogg: 62fdf1f143b41e24485cea50d1cbac27 -> 
  custom:video-encoder-webm-vp8: eb34c28f22e8b96e1ab97ce403110664 -> 
  custom:video-decoder-webm-vp8: 9c59270c3fd7afecdb556c50c9e8de78 -> 
  custom:audio-decoder-ogg-vorbis: bf7c407c2cedff20999df2af8eb42d56 -> 
  custom:audio-encoder-webm-vorbis: bf7c407c2cedff20999df2af8eb42d56 -> 
========================================================================
Received Prepare
Registering precompiled user dll's ...
Registered in 0.004196 seconds.
Begin MonoManager ReloadAssembly
Symbol file LoadedFromMemory doesn't match image D:\unity 2d study case\Tomkai's journey\Library\PackageCache\com.unity.collab-proxy@1.15.15\Lib\Editor\PlasticSCM\unityplastic.dll
Native extension for WindowsStandalone target not found
Refreshing native plugins compatible for Editor in 0.78 ms, found 3 plugins.
Preloading 0 native plugins for Editor in 0.00 ms.
Mono: successfully reloaded assembly
- Completed reload, in  1.137 seconds
Domain Reload Profiling:
	ReloadAssembly (1137ms)
		BeginReloadAssembly (130ms)
			ExecutionOrderSort (0ms)
			DisableScriptedObjects (5ms)
			BackupInstance (0ms)
			ReleaseScriptingObjects (0ms)
			CreateAndSetChildDomain (44ms)
		EndReloadAssembly (955ms)
			LoadAssemblies (113ms)
			RebuildTransferFunctionScriptingTraits (0ms)
			SetupTypeCache (368ms)
			ReleaseScriptCaches (2ms)
			RebuildScriptCaches (46ms)
			SetupLoadedEditorAssemblies (302ms)
				LogAssemblyErrors (0ms)
				InitializePlatformSupportModulesInManaged (4ms)
				SetLoadedEditorAssemblies (0ms)
				RefreshPlugins (1ms)
				BeforeProcessingInitializeOnLoad (75ms)
				ProcessInitializeOnLoadAttributes (193ms)
				ProcessInitializeOnLoadMethodAttributes (22ms)
				AfterProcessingInitializeOnLoad (5ms)
				EditorAssembliesLoaded (3ms)
			ExecutionOrderSort2 (0ms)
			AwakeInstancesAfterBackupRestoration (19ms)
Platform modules already initialized, skipping
Refreshing native plugins compatible for Editor in 0.52 ms, found 3 plugins.
Preloading 0 native plugins for Editor in 0.00 ms.
Unloading 2197 Unused Serialized files (Serialized files now loaded: 0)
System memory in use before: 100.1 MB.
System memory in use after: 100.1 MB.

Unloading 20 unused Assets to reduce memory usage. Loaded Objects now: 2655.
Total: 2.944700 ms (FindLiveObjects: 0.150600 ms CreateObjectMapping: 0.035600 ms MarkObjects: 2.613400 ms  DeleteObjects: 0.143700 ms)

AssetImportParameters requested are different than current active one (requested -> active):
  custom:framework-win-MediaFoundation: 216162199b28c13a410421893ffa2e32 -> 
  custom:video-decoder-ogg-theora: a1e56fd34408186e4bbccfd4996cb3dc -> 
  custom:container-muxer-webm: aa71ff27fc2769a1b78a27578f13a17b -> 
  custom:container-demuxer-webm: 4f35f7cbe854078d1ac9338744f61a02 -> 
  custom:container-demuxer-ogg: 62fdf1f143b41e24485cea50d1cbac27 -> 
  custom:video-encoder-webm-vp8: eb34c28f22e8b96e1ab97ce403110664 -> 
  custom:video-decoder-webm-vp8: 9c59270c3fd7afecdb556c50c9e8de78 -> 
  custom:audio-decoder-ogg-vorbis: bf7c407c2cedff20999df2af8eb42d56 -> 
  custom:audio-encoder-webm-vorbis: bf7c407c2cedff20999df2af8eb42d56 -> 
========================================================================
Received Import Request.
  Time since last request: 625.765032 seconds.
  path: Assets/Scenes/SampleScene.unity
  artifactKey: Guid(2cda990e2423bbf4892e6590ba056729) Importer(815301076,1909f56bfc062723c751e8b465ee728b)
Start importing Assets/Scenes/SampleScene.unity using Guid(2cda990e2423bbf4892e6590ba056729) Importer(815301076,1909f56bfc062723c751e8b465ee728b)  -> (artifact id: '886f01d2000da3edcd32875b96a99568') in 0.018295 seconds 
========================================================================
Received Import Request.
  Time since last request: 14.124387 seconds.
  path: Assets/Scenes/Forest_level.unity
  artifactKey: Guid(2cda990e2423bbf4892e6590ba056729) Importer(815301076,1909f56bfc062723c751e8b465ee728b)
Start importing Assets/Scenes/Forest_level.unity using Guid(2cda990e2423bbf4892e6590ba056729) Importer(815301076,1909f56bfc062723c751e8b465ee728b)  -> (artifact id: '918f6373469d95350c7e0fcc6dfe2647') in 0.020701 seconds 
========================================================================
Received Import Request.
  Time since last request: 890.309979 seconds.
  path: Assets/Sunnyland/artwork/Environment/props/Materials
  artifactKey: Guid(281dc9415cbdcf44bb23c9e92723f895) Importer(815301076,1909f56bfc062723c751e8b465ee728b)
Start importing Assets/Sunnyland/artwork/Environment/props/Materials using Guid(281dc9415cbdcf44bb23c9e92723f895) Importer(815301076,1909f56bfc062723c751e8b465ee728b)  -> (artifact id: 'b5a79542320d449cf53252b3fd44aca1') in 0.026992 seconds 
========================================================================
Received Import Request.
  Time since last request: 0.625197 seconds.
  path: Assets/Sunnyland/artwork/Environment/props/Materials/spikes.mat
  artifactKey: Guid(1c7cb086cf7875f4cae9e5092c1a7a3c) Importer(815301076,1909f56bfc062723c751e8b465ee728b)
Start importing Assets/Sunnyland/artwork/Environment/props/Materials/spikes.mat using Guid(1c7cb086cf7875f4cae9e5092c1a7a3c) Importer(815301076,1909f56bfc062723c751e8b465ee728b)  -> (artifact id: '6fd0a9a6b495123e12b404ba34c4de45') in 0.091487 seconds 
AssetImportWorkerClient::OnTransportError - code=2 error=End of file
